13:28:26 **** Incremental Build of configuration Debug for project lab3_project ****
make -r -j8 all 
Building file: ../source/lab3_project.c
Building file: ../drivers/fsl_common.c
Building file: ../drivers/fsl_common_arm.c
Invoking: MCU C Compiler
Invoking: MCU C Compiler
arm-none-eabi-gcc -D__REDLIB__ -DCPU_LPC55S69JBD100 -DCPU_LPC55S69JBD100_cm33 -DCPU_LPC55S69JBD100_cm33_core0 -DSDK_OS_BAREMETAL -DSERIAL_PORT_TYPE_UART=1 -DSDK_DEBUGCONSOLE=0 -DCR_INTEGER_PRINTF -DPRINTF_FLOAT_ENABLE=0 -D__MCUXPRESSO -D__USE_CMSIS -DDEBUG -I"C:\Users\DCDbr\Documents\MCUXpressoIDE_11.10.0_3148\workspace\lab3_project\board" -I"C:\Users\DCDbr\Documents\MCUXpressoIDE_11.10.0_3148\workspace\lab3_project\source" -I"C:\Users\DCDbr\Documents\MCUXpressoIDE_11.10.0_3148\workspace\lab3_project\utilities" -I"C:\Users\DCDbr\Documents\MCUXpressoIDE_11.10.0_3148\workspace\lab3_project\drivers" -I"C:\Users\DCDbr\Documents\MCUXpressoIDE_11.10.0_3148\workspace\lab3_project\component\uart" -I"C:\Users\DCDbr\Documents\MCUXpressoIDE_11.10.0_3148\workspace\lab3_project\component\serial_manager" -I"C:\Users\DCDbr\Documents\MCUXpressoIDE_11.10.0_3148\workspace\lab3_project\device" -I"C:\Users\DCDbr\Documents\MCUXpressoIDE_11.10.0_3148\workspace\lab3_project\CMSIS" -I"C:\Users\DCDbr\Documents\MCUXpressoIDE_11.10.0_3148\workspace\lab3_project\component\lists" -I"C:\Users\DCDbr\Documents\MCUXpressoIDE_11.10.0_3148\workspace\lab3_project\startup" -O0 -fno-common -g3 -gdwarf-4 -Wall -c -ffunction-sections -fdata-sections -fno-builtin -fmerge-constants -fmacro-prefix-map="../source/"= -mcpu=cortex-m33 -mfpu=fpv5-sp-d16 -mfloat-abi=hard -mthumb -D__REDLIB__ -fstack-usage -specs=redlib.specs -MMD -MP -MF"source/lab3_project.d" -MT"source/lab3_project.o" -MT"source/lab3_project.d" -o "source/lab3_project.o" "../source/lab3_project.c"
Building file: ../drivers/fsl_flexcomm.c
arm-none-eabi-gcc -D__REDLIB__ -DCPU_LPC55S69JBD100 -DCPU_LPC55S69JBD100_cm33 -DCPU_LPC55S69JBD100_cm33_core0 -DSDK_OS_BAREMETAL -DSERIAL_PORT_TYPE_UART=1 -DSDK_DEBUGCONSOLE=0 -DCR_INTEGER_PRINTF -DPRINTF_FLOAT_ENABLE=0 -D__MCUXPRESSO -D__USE_CMSIS -DDEBUG -I"C:\Users\DCDbr\Documents\MCUXpressoIDE_11.10.0_3148\workspace\lab3_project\board" -I"C:\Users\DCDbr\Documents\MCUXpressoIDE_11.10.0_3148\workspace\lab3_project\source" -I"C:\Users\DCDbr\Documents\MCUXpressoIDE_11.10.0_3148\workspace\lab3_project\utilities" -I"C:\Users\DCDbr\Documents\MCUXpressoIDE_11.10.0_3148\workspace\lab3_project\drivers" -I"C:\Users\DCDbr\Documents\MCUXpressoIDE_11.10.0_3148\workspace\lab3_project\component\uart" -I"C:\Users\DCDbr\Documents\MCUXpressoIDE_11.10.0_3148\workspace\lab3_project\component\serial_manager" -I"C:\Users\DCDbr\Documents\MCUXpressoIDE_11.10.0_3148\workspace\lab3_project\device" -I"C:\Users\DCDbr\Documents\MCUXpressoIDE_11.10.0_3148\workspace\lab3_project\CMSIS" -I"C:\Users\DCDbr\Documents\MCUXpressoIDE_11.10.0_3148\workspace\lab3_project\component\lists" -I"C:\Users\DCDbr\Documents\MCUXpressoIDE_11.10.0_3148\workspace\lab3_project\startup" -O0 -fno-common -g3 -gdwarf-4 -Wall -c -ffunction-sections -fdata-sections -fno-builtin -fmerge-constants -fmacro-prefix-map="../drivers/"= -mcpu=cortex-m33 -mfpu=fpv5-sp-d16 -mfloat-abi=hard -mthumb -D__REDLIB__ -fstack-usage -specs=redlib.specs -MMD -MP -MF"drivers/fsl_common.d" -MT"drivers/fsl_common.o" -MT"drivers/fsl_common.d" -o "drivers/fsl_common.o" "../drivers/fsl_commoInvoking: MCU C Compiler
n.c"
arm-none-eabi-gcc -D__REDLIB__ -DCPU_LPC55S69JBD100 -DCPU_LPC55S69JBD100_cm33 -DCPU_LPC55S69JBD100_cm33_core0 -DSDK_OS_BAREMETAL -DSERIAL_PORT_TYPE_UART=1 -DSDK_DEBUGCONSOLE=0 -DCR_INTEGER_PRINTF -DPRINTF_FLOAT_ENABLE=0 -D__MCUXPRESSO -D__USE_CMSIS -DDEBUG -I"C:\Users\DCDbr\Documents\MCUXpressoIDE_11.10.0_3148\workspace\lab3_project\board" -I"C:\Users\DCDbr\Documents\MCUXpressoIDE_11.10.0_3148\workspace\lab3_project\source" -I"C:\Users\DCDbr\Documents\MCUXpressoIDE_11.10.0_3148\workspace\lab3_project\utilities" -I"C:\Users\DCDbr\Documents\MCUXpressoIDE_11.10.0_3148\workspace\lab3_project\drivers" -I"C:\Users\DCDbr\Documents\MCUXpressoIDE_11.10.0_3148\workspace\lab3_project\component\uart" -I"C:\Users\DCDbr\Documents\MCUXpressoIDE_11.10.0_3148\workspace\lab3_project\component\serial_manager" -I"C:\Users\DCDbr\Documents\MCUXpressoIDE_11.10.0_3148\workspace\lab3_project\device" -I"C:\Users\DCDbr\Documents\MCUXpressoIDE_11.10.0_3148\workspace\lab3_project\CMSIS" -I"C:\Users\DCDbr\Documents\MCUXpressoIDE_11.10.0_3148\workspace\lab3_project\component\lists" -I"C:\Users\DCDbr\Documents\MCUXpressoIDE_11.10.0_3148\workspace\lab3_project\startup" -O0 -fno-common -g3 -gdwarf-4 -Wall -c -ffunction-sections -fdata-sections -fno-builtin -fmerge-constants -fmacro-prefix-map="../drivers/"= -mcpu=cortex-m33 -mfpu=fpv5-sp-d16 -mfloat-abi=hard -mthumb -D__REDLIB__ -fstack-usage -specs=redlib.specs -MMD -MP -MF"drivers/fsl_common_arm.d" -MT"drivers/fsl_common_arm.o" -MT"drivers/fsl_common_arm.d" -o "drivers/fsl_common_arm.o" "../drivers/fsl_common_arm.c"
Invoking: MCU C Compiler
arm-none-eabi-gcc -D__REDLIB__ -DCPU_LPC55S69JBD100 -DCPU_LPC55S69JBD100_cm33 -DCPU_LPC55S69JBD100_cm33_core0 -DSDK_OS_BAREMETAL -DSERIAL_PORT_TYPE_UART=1 -DSDK_DEBUGCONSOLE=0 -DCR_INTEGER_PRINTF -DPRINTF_FLOAT_ENABLE=0 -D__MCUXPRESSO -D__USE_CMSIS -DDEBUG -I"C:\Users\DCDbr\Documents\MCUXpressoIDE_11.10.0_3148\workspace\lab3_project\board" -I"C:\Users\DCDbr\Documents\MCUXpressoIDE_11.10.0_3148\workspace\lab3_project\source" -I"C:\Users\DCDbr\Documents\MCUXpressoIDE_11.10.0_3148\workspace\lab3_project\utilities" -I"C:\Users\DCDbr\Documents\MCUXpressoIDE_11.10.0_3148\workspace\lab3_project\drivers" -I"C:\Users\DCDbr\Documents\MCUXpressoIDE_11.10.0_3148\workspace\lab3_project\component\uart" -I"C:\Users\DCDbr\Documents\MCUXpressoIDE_11.10.0_3148\workspace\lab3_project\component\serial_manager" -I"C:\Users\DCDbr\Documents\MCUXpressoIDE_11.10.0_3148\workspace\lab3_project\device" -I"C:\Users\DCDbr\Documents\MCUXpressoIDE_11.10.0_3148\workspace\lab3_project\CMSIS" -I"C:\Users\DCDbr\Documents\MCUXpressoIDE_11.10.0_3148\workspace\lab3_project\component\lists" -I"C:\Users\DCDbr\Documents\MCUXpressoIDE_11.10.0_3148\workspace\lab3_project\startup" -O0 -fno-common -g3 -gdwarf-4 -Wall -c -ffunction-sections -fdata-sections -fno-builtin -fmerge-constants -fmacro-prefix-map="../drivers/"= -mcpu=cortex-m33 -mfpu=fpv5-sp-d16 -mfloat-abi=hard -mthumb -D__REDLIB__ -fstack-usage -specs=redlib.specs -MMD -MP -MF"drivers/fsl_flexcomm.d" -MT"drivers/fsl_flexcomm.o" -MT"drivers/fsl_flexcomm.d" -o "drivers/fsl_flexcomm.o" "../drivers/fsl_flexcomm.c"
Building file: ../drivers/fsl_gpio.c
Building file: ../drivers/fsl_i2c.c
Building file: ../drivers/fsl_inputmux.c
Invoking: MCU C Compiler
Building file: ../drivers/fsl_pint.c
Invoking: MCU C Compiler
arm-none-eabi-gcc -D__REDLIB__ -DCPU_LPC55S69JBD100 -DCPU_LPC55S69JBD100_cm33 -DCPU_LPC55S69JBD100_cm33_core0 -DSDK_OS_BAREMETAL -DSERIAL_PORT_TYPE_UART=1 -DSDK_DEBUGCONSOLE=0 -DCR_INTEGER_PRINTF -DPRINTF_FLOAT_ENABLE=0 -D__MCUXPRESSO -D__USE_CMSIS -DDEBUG -I"C:\Users\DCDbr\Documents\MCUXpressoIDE_11.10.0_3148\workspace\lab3_project\board" -I"C:\Users\DCDbr\Documents\MCUXpressoIDE_11.10.0_3148\workspace\lab3_project\source" -I"C:\Users\DCDbr\Documents\MCUXpressoIDE_11.10.0_3148\workspace\lab3_project\utilities" -I"C:\Users\DCDbr\Documents\MCUXpressoIDE_11.10.0_3148\workspace\lab3_project\drivers" -I"C:\Users\DCDbr\Documents\MCUXpressoIDE_11.10.0_3148\workspace\lab3_project\component\uart" -I"C:\Users\DCDbr\Documents\MCUXpressoIDE_11.10.0_3148\workspace\lab3_project\component\serial_manager" -I"C:\Users\DCDbr\Documents\MCUXpressoIDE_11.10.0_3148\workspace\lab3_project\device" -I"C:\Users\DCDbr\Documents\MCUXpressoIDE_11.10.0_3148\workspace\lab3_project\CMSIS" -I"C:\Users\DCDbr\Documents\MCUXpressoIDE_11.10.0_3148\workspace\lab3_project\component\lists" -I"C:\Users\DCDbr\Documents\MCUXpressoIDE_11.10.0_3148\workspace\lab3_project\startup" -O0 -fno-common -g3 -gdwarf-4 -Wall -c -ffunction-sections -fdata-sections -fno-builtin -fmerge-constants -fmacro-prefix-map="../drivers/"= -mcpu=cortex-m33 -mfpu=fpv5-sp-d16 -mfloat-abi=hard -mthumb -D__REDLIB__ -fstack-usage -specs=redlib.specs -MMD -MP -MF"drivers/fsl_gpio.d" -MT"drivers/fsl_gpio.o" -MT"drivers/fsl_gpio.d" -o "drivers/fsl_gpio.o" "../drivers/fsl_gpio.c"
Invoking: MCU C Compiler
arm-none-eabi-gcc -D__REDLIB__ -DCPU_LPC55S69JBD100 -DCPU_LPC55S69JBD100_cm33 -DCPU_LPC55S69JBD100_cm33_core0 -DSDK_OS_BAREMETAL -DSERIAL_PORT_TYPE_UART=1 -DSDK_DEBUGCONSOLE=0 -DCR_INTEGER_PRINTF -DPRINTF_FLOAT_ENABLE=0 -D__MCUXPRESSO -D__USE_CMSIS -DDEBUG -I"C:\Users\DCDbr\Documents\MCUXpressoIDE_11.10.0_3148\workspace\lab3_project\board" -I"C:\Users\DCDbr\Documents\MCUXpressoIDE_11.10.0_3148\workspace\lab3_project\source" -I"C:\Users\DCDbr\Documents\MCUXpressoIDE_11.10.0_3148\workspace\lab3_project\utilities" -I"C:\Users\DCDbr\Documents\MCUXpressoIDE_11.10.0_3148\workspace\lab3_project\drivers" -I"C:\Users\DCDbr\Documents\MCUXpressoIDE_11.10.0_3148\workspace\lab3_project\component\uart" -I"C:\Users\DCDbr\Documents\MCUXpressoIDE_11.10.0_3148\workspace\lab3_project\component\serial_manager" -I"C:\Users\DCDbr\Documents\MCUXpressoIDE_11.10.0_3148\workspace\lab3_project\device" -I"C:\Users\DCDbr\Documents\MCUXpressoIDE_11.10.0_3148\workspace\lab3_project\CMSIS" -I"C:\Users\DCDbr\Documents\MCUXpressoIDE_11.10.0_3148\workspace\lab3_project\component\lists" -I"C:\Users\DCDbr\Documents\MCUXpressoIDE_11.10.0_3148\workspace\lab3_project\startup" -O0 -fno-common -g3 -gdwarf-4 -Wall -c -ffunction-sections -fdata-sections -fno-builtin -fmerge-constants -fmacro-prefix-map="../drivers/"= -mcpu=cortex-m33 -mfpu=fpv5-sp-d16 -mfloat-abi=hard -mthumb -D__REDLIB__ -fstack-usage -specs=redlib.specs -MMD -MP -MF"drivers/fsl_i2c.d" -MT"drivers/fsl_i2c.o" -MT"drivers/fsl_i2c.d" -o "drivers/fsl_i2c.o" "../drivers/fsl_i2c.c"
Invoking: MCU C Compiler
arm-none-eabi-gcc -D__REDLIB__ -DCPU_LPC55S69JBD100 -DCPU_LPC55S69JBD100_cm33 -DCPU_LPC55S69JBD100_cm33_core0 -DSDK_OS_BAREMETAL -DSERIAL_PORT_TYPE_UART=1 -DSDK_DEBUGCONSOLE=0 -DCR_INTEGER_PRINTF -DPRINTF_FLOAT_ENABLE=0 -D__MCUXPRESSO -D__USE_CMSIS -DDEBUG -I"C:\Users\DCDbr\Documents\MCUXpressoIDE_11.10.0_3148\workspace\lab3_project\board" -I"C:\Users\DCDbr\Documents\MCUXpressoIDE_11.10.0_3148\workspace\lab3_project\source" -I"C:\Users\DCDbr\Documents\MCUXpressoIDE_11.10.0_3148\workspace\lab3_project\utilities" -I"C:\Users\DCDbr\Documents\MCUXpressoIDE_11.10.0_3148\workspace\lab3_project\drivers" -I"C:\Users\DCDbr\Documents\MCUXpressoIDE_11.10.0_3148\workspace\lab3_project\component\uart" -I"C:\Users\DCDbr\Documents\MCUXpressoIDE_11.10.0_3148\workspace\lab3_project\component\serial_manager" -I"C:\Users\DCDbr\Documents\MCUXpressoIDE_11.10.0_3148\workspace\lab3_project\device" -I"C:\Users\DCDbr\Documents\MCUXpressoIDE_11.10.0_3148\workspace\lab3_project\CMSIS" -I"C:\Users\DCDbr\Documents\MCUXpressoIDE_11.10.0_3148\workspace\lab3_project\component\lists" -I"C:\Users\DCDbr\Documents\MCUXpressoIDE_11.10.0_3148\workspace\lab3_project\startup" -O0 -fno-common -g3 -gdwarf-4 -Wall -c -ffunction-sections -fdata-sections -fno-builtin -fmerge-constants -fmacro-prefix-map="../drivers/"= -mcpu=cortex-m33 -mfpu=fpv5-sp-d16 -mfloat-abi=hard -mthumb -D__REDLIB__ -fstack-usage -specs=redlib.specs -MMD -MP -MF"drivers/fsl_inputmux.d" -MT"drivers/fsl_inputmux.o" -MT"drivers/fsl_inputmux.d" -o "drivers/fsl_inputmux.o" "../drivers/fsl_inputmux.c"
arm-none-eabi-gcc -D__REDLIB__ -DCPU_LPC55S69JBD100 -DCPU_LPC55S69JBD100_cm33 -DCPU_LPC55S69JBD100_cm33_core0 -DSDK_OS_BAREMETAL -DSERIAL_PORT_TYPE_UART=1 -DSDK_DEBUGCONSOLE=0 -DCR_INTEGER_PRINTF -DPRINTF_FLOAT_ENABLE=0 -D__MCUXPRESSO -D__USE_CMSIS -DDEBUG -I"C:\Users\DCDbr\Documents\MCUXpressoIDE_11.10.0_3148\workspace\lab3_project\board" -I"C:\Users\DCDbr\Documents\MCUXpressoIDE_11.10.0_3148\workspace\lab3_project\source" -I"C:\Users\DCDbr\Documents\MCUXpressoIDE_11.10.0_3148\workspace\lab3_project\utilities" -I"C:\Users\DCDbr\Documents\MCUXpressoIDE_11.10.0_3148\workspace\lab3_project\drivers" -I"C:\Users\DCDbr\Documents\MCUXpressoIDE_11.10.0_3148\workspace\lab3_project\component\uart" -I"C:\Users\DCDbr\Documents\MCUXpressoIDE_11.10.0_3148\workspace\lab3_project\component\serial_manager" -I"C:\Users\DCDbr\Documents\MCUXpressoIDE_11.10.0_3148\workspace\lab3_project\device" -I"C:\Users\DCDbr\Documents\MCUXpressoIDE_11.10.0_3148\workspace\lab3_project\CMSIS" -I"C:\Users\DCDbr\Documents\MCUXpressoIDE_11.10.0_3148\workspace\lab3_project\component\lists" -I"C:\Users\DCDbr\Documents\MCUXpressoIDE_11.10.0_3148\workspace\lab3_project\startup" -O0 -fno-common -g3 -gdwarf-4 -Wall -c -ffunction-sections -fdata-sections -fno-builtin -fmerge-constants -fmacro-prefix-map="../drivers/"= -mcpu=cortex-m33 -mfpu=fpv5-sp-d16 -mfloat-abi=hard -mthumb -D__REDLIB__ -fstack-usage -specs=redlib.specs -MMD -MP -MF"drivers/fsl_pint.d" -MT"drivers/fsl_pint.o" -MT"drivers/fsl_pint.d" -o "drivers/fsl_pint.o" "../drivers/fsl_pint.c"
../source/lab3_project.c:21:13: error: unknown type name 'pint_pin_int_t'
   21 | void cbPint(pint_pin_int_t pintr ,uint32_t pmatch_status)
      |             ^~~~~~~~~~~~~~
../source/lab3_project.c:22:9: error: stray '\342' in program
   22 | {printf(<U+201C>%d<U+201D>,pintr);}
      |         ^~~~~~~~
../source/lab3_project.c:22:12: error: stray '\342' in program
   22 | {printf(<U+201C>%d<U+201D>,pintr);}
      |                   ^~~~~~~~
make[1]: *** [source/subdir.mk:23: source/lab3_project.o] Error 1
make[1]: *** Waiting for unfinished jobs....
Finished building: ../drivers/fsl_common_arm.c
Finished building: ../drivers/fsl_flexcomm.c
 
Finished building: ../drivers/fsl_common.c
 
 
Finished building: ../drivers/fsl_gpio.c
 
Finished building: ../drivers/fsl_pint.c
 
Finished building: ../drivers/fsl_i2c.c
Finished building: ../drivers/fsl_inputmux.c
 
 
make: *** [makefile:43: all] Error 2
"make -r -j8 all" terminated with exit code 2. Build might be incomplete.

13:28:27 Build Failed. 6 errors, 0 warnings. (took 1s.366ms)

